Using pre-set license
Built from '2020.3/staging' branch; Version is '2020.3.3f1 (76626098c1c4) revision 7758432'; Using compiler version '192528614'; Build Type 'Release'
OS: 'Windows 7  (6.1.0) 64bit' Language: 'ru' Physical Memory: 8114 MB
BatchMode: 1, IsHumanControllingUs: 0, StartBugReporterOnCrash: 0, Is64bit: 1, IsPro: 0

 COMMAND LINE ARGUMENTS:
E:\Hessan\Tau Games\UNITY\2020.3.3f1\Editor\Unity.exe
-adb2
-batchMode
-noUpm
-name
AssetImportWorker0
-projectPath
E:/Hessan/Tau Games/UNITY/junior programmer courses/create with code/Vlad A - ZepSky
-logFile
Logs/AssetImportWorker0.log
-srvPort
50603
Successfully changed project path to: E:/Hessan/Tau Games/UNITY/junior programmer courses/create with code/Vlad A - ZepSky
E:/Hessan/Tau Games/UNITY/junior programmer courses/create with code/Vlad A - ZepSky
Using Asset Import Pipeline V2.
Refreshing native plugins compatible for Editor in 73.15 ms, found 0 plugins.
Preloading 0 native plugins for Editor in 0.00 ms.
Initialize engine version: 2020.3.3f1 (76626098c1c4)
[Subsystems] Discovering subsystems at path E:/Hessan/Tau Games/UNITY/2020.3.3f1/Editor/Data/Resources/UnitySubsystems
[Subsystems] Discovering subsystems at path E:/Hessan/Tau Games/UNITY/junior programmer courses/create with code/Vlad A - ZepSky/Assets
GfxDevice: creating device client; threaded=0
d3d11: CreateDXGIFactory2(...) not found, fallbacking to CreateDXGIFactory1(...).
d3d11: QueryInterface(IDXGIFactory5) failed (80004002).
Direct3D:
    Version:  Direct3D 11.0 [level 11.0]
    Renderer: Intel(R) HD Graphics 4400 (ID=0x41e)
    Vendor:   
    VRAM:     1632 MB
    Driver:   10.18.10.3621
Initialize mono
Mono path[0] = 'E:/Hessan/Tau Games/UNITY/2020.3.3f1/Editor/Data/Managed'
Mono path[1] = 'E:/Hessan/Tau Games/UNITY/2020.3.3f1/Editor/Data/MonoBleedingEdge/lib/mono/unityjit'
Mono config path = 'E:/Hessan/Tau Games/UNITY/2020.3.3f1/Editor/Data/MonoBleedingEdge/etc'
Using monoOptions --debugger-agent=transport=dt_socket,embedding=1,server=y,suspend=n,address=127.0.0.1:56772
Begin MonoManager ReloadAssembly
Registering precompiled unity dll's ...
Register platform support module: E:/Hessan/Tau Games/UNITY/2020.3.3f1/Editor/Data/PlaybackEngines/WebGLSupport/UnityEditor.WebGL.Extensions.dll
Register platform support module: E:/Hessan/Tau Games/UNITY/2020.3.3f1/Editor/Data/PlaybackEngines/MacStandaloneSupport/UnityEditor.OSXStandalone.Extensions.dll
Register platform support module: E:/Hessan/Tau Games/UNITY/2020.3.3f1/Editor/Data/PlaybackEngines/WindowsStandaloneSupport/UnityEditor.WindowsStandalone.Extensions.dll
Registered in 0.001331 seconds.
Native extension for WindowsStandalone target not found
Native extension for OSXStandalone target not found
Native extension for WebGL target not found
Refreshing native plugins compatible for Editor in 39.28 ms, found 0 plugins.
Preloading 0 native plugins for Editor in 0.00 ms.
Invoked RoslynAnalysisRunner static constructor.
RoslynAnalysisRunner will not be running.
RoslynAnalysisRunner has terminated.
Mono: successfully reloaded assembly
- Completed reload, in  2.221 seconds
Platform modules already initialized, skipping
Registering precompiled user dll's ...
Registered in 0.000672 seconds.
Begin MonoManager ReloadAssembly
Native extension for WindowsStandalone target not found
Native extension for OSXStandalone target not found
Native extension for WebGL target not found
Refreshing native plugins compatible for Editor in 0.33 ms, found 0 plugins.
Preloading 0 native plugins for Editor in 0.00 ms.
Invoked RoslynAnalysisRunner static constructor.
RoslynAnalysisRunner will not be running.
RoslynAnalysisRunner has terminated.
Mono: successfully reloaded assembly
- Completed reload, in  1.046 seconds
Platform modules already initialized, skipping
========================================================================
Worker process is ready to serve import requests
Launched and connected shader compiler UnityShaderCompiler.exe after 0.11 seconds
Refreshing native plugins compatible for Editor in 0.51 ms, found 0 plugins.
Preloading 0 native plugins for Editor in 0.00 ms.
Unloading 1138 Unused Serialized files (Serialized files now loaded: 0)
System memory in use before: 61.2 MB.
System memory in use after: 61.3 MB.

Unloading 10 unused Assets to reduce memory usage. Loaded Objects now: 1587.
Total: 3.997327 ms (FindLiveObjects: 0.303678 ms CreateObjectMapping: 0.139765 ms MarkObjects: 3.402950 ms  DeleteObjects: 0.147311 ms)

========================================================================
Received Import Request.
  path: Assets/Scripts/PowerUp.cs
  artifactKey: Guid(9d4b73aac6c2fe84c9b885e8c03ae982) Importer(815301076,1909f56bfc062723c751e8b465ee728b)
Start importing Assets/Scripts/PowerUp.cs using Guid(9d4b73aac6c2fe84c9b885e8c03ae982) Importer(815301076,1909f56bfc062723c751e8b465ee728b)  -> (artifact id: 'ad9bb2aef7aea7ad73014febde2b50a4') in 0.135917 seconds
  Import took 0.153758 seconds .

========================================================================
Received Prepare
Registering precompiled user dll's ...
Registered in 0.000639 seconds.
Begin MonoManager ReloadAssembly
Native extension for WindowsStandalone target not found
Native extension for OSXStandalone target not found
Native extension for WebGL target not found
Refreshing native plugins compatible for Editor in 0.32 ms, found 0 plugins.
Preloading 0 native plugins for Editor in 0.00 ms.
Invoked RoslynAnalysisRunner static constructor.
RoslynAnalysisRunner will not be running.
RoslynAnalysisRunner has terminated.
Mono: successfully reloaded assembly
- Completed reload, in  1.021 seconds
Platform modules already initialized, skipping
Refreshing native plugins compatible for Editor in 0.51 ms, found 0 plugins.
Preloading 0 native plugins for Editor in 0.00 ms.
Unloading 1119 Unused Serialized files (Serialized files now loaded: 0)
System memory in use before: 59.8 MB.
System memory in use after: 59.8 MB.

Unloading 5 unused Assets to reduce memory usage. Loaded Objects now: 1590.
Total: 13.132133 ms (FindLiveObjects: 0.297641 ms CreateObjectMapping: 0.131614 ms MarkObjects: 12.608695 ms  DeleteObjects: 0.091466 ms)

========================================================================
Received Prepare
Registering precompiled user dll's ...
Registered in 0.000735 seconds.
Begin MonoManager ReloadAssembly
Native extension for WindowsStandalone target not found
Native extension for OSXStandalone target not found
Native extension for WebGL target not found
Refreshing native plugins compatible for Editor in 0.33 ms, found 0 plugins.
Preloading 0 native plugins for Editor in 0.00 ms.
Invoked RoslynAnalysisRunner static constructor.
RoslynAnalysisRunner will not be running.
RoslynAnalysisRunner has terminated.
Mono: successfully reloaded assembly
- Completed reload, in  0.914 seconds
Platform modules already initialized, skipping
Refreshing native plugins compatible for Editor in 0.36 ms, found 0 plugins.
Preloading 0 native plugins for Editor in 0.00 ms.
Unloading 1119 Unused Serialized files (Serialized files now loaded: 0)
System memory in use before: 59.8 MB.
System memory in use after: 59.9 MB.

Unloading 5 unused Assets to reduce memory usage. Loaded Objects now: 1593.
Total: 3.189530 ms (FindLiveObjects: 0.296132 ms CreateObjectMapping: 0.127690 ms MarkObjects: 2.673639 ms  DeleteObjects: 0.088749 ms)

========================================================================
Received Import Request.
  Time since last request: 62.510420 seconds.
  path: Assets/Scripts/PUShield.cs
  artifactKey: Guid(c86b6852cec49004997c6c4957647ce5) Importer(815301076,1909f56bfc062723c751e8b465ee728b)
Start importing Assets/Scripts/PUShield.cs using Guid(c86b6852cec49004997c6c4957647ce5) Importer(815301076,1909f56bfc062723c751e8b465ee728b)  -> (artifact id: 'c93c30714eccf7de9bd316341b18ba63') in 0.012929 seconds
  Import took 0.017114 seconds .

========================================================================
Received Prepare
Registering precompiled user dll's ...
Registered in 0.000624 seconds.
Begin MonoManager ReloadAssembly
Native extension for WindowsStandalone target not found
Native extension for OSXStandalone target not found
Native extension for WebGL target not found
Refreshing native plugins compatible for Editor in 0.35 ms, found 0 plugins.
Preloading 0 native plugins for Editor in 0.00 ms.
Invoked RoslynAnalysisRunner static constructor.
RoslynAnalysisRunner will not be running.
RoslynAnalysisRunner has terminated.
Mono: successfully reloaded assembly
- Completed reload, in  1.274 seconds
Platform modules already initialized, skipping
Refreshing native plugins compatible for Editor in 0.57 ms, found 0 plugins.
Preloading 0 native plugins for Editor in 0.00 ms.
Unloading 1120 Unused Serialized files (Serialized files now loaded: 0)
System memory in use before: 59.9 MB.
System memory in use after: 59.9 MB.

Unloading 5 unused Assets to reduce memory usage. Loaded Objects now: 1597.
Total: 2.670620 ms (FindLiveObjects: 0.310018 ms CreateObjectMapping: 0.146708 ms MarkObjects: 2.084696 ms  DeleteObjects: 0.126482 ms)

========================================================================
Received Prepare
Registering precompiled user dll's ...
Registered in 0.000831 seconds.
Begin MonoManager ReloadAssembly
Native extension for WindowsStandalone target not found
Native extension for OSXStandalone target not found
Native extension for WebGL target not found
Refreshing native plugins compatible for Editor in 0.33 ms, found 0 plugins.
Preloading 0 native plugins for Editor in 0.00 ms.
Invoked RoslynAnalysisRunner static constructor.
RoslynAnalysisRunner will not be running.
RoslynAnalysisRunner has terminated.
Mono: successfully reloaded assembly
- Completed reload, in  1.008 seconds
Platform modules already initialized, skipping
Refreshing native plugins compatible for Editor in 0.51 ms, found 0 plugins.
Preloading 0 native plugins for Editor in 0.00 ms.
Unloading 1120 Unused Serialized files (Serialized files now loaded: 0)
System memory in use before: 59.9 MB.
System memory in use after: 60.0 MB.

Unloading 5 unused Assets to reduce memory usage. Loaded Objects now: 1600.
Total: 5.190004 ms (FindLiveObjects: 0.295830 ms CreateObjectMapping: 0.133425 ms MarkObjects: 4.677132 ms  DeleteObjects: 0.080900 ms)

========================================================================
Received Import Request.
  Time since last request: 54.400193 seconds.
  path: Assets/Scripts/PUShield.cs
  artifactKey: Guid(c86b6852cec49004997c6c4957647ce5) Importer(815301076,1909f56bfc062723c751e8b465ee728b)
Start importing Assets/Scripts/PUShield.cs using Guid(c86b6852cec49004997c6c4957647ce5) Importer(815301076,1909f56bfc062723c751e8b465ee728b)  -> (artifact id: '6bd5343f8e7ee949e41fbfd309f44140') in 0.006900 seconds
  Import took 0.010207 seconds .

========================================================================
Received Import Request.
  Time since last request: 21.125126 seconds.
  path: Assets/Prefabs/PUShield.prefab
  artifactKey: Guid(a40e944827edd5d4fae9b2ae99f42a1c) Importer(815301076,1909f56bfc062723c751e8b465ee728b)
Start importing Assets/Prefabs/PUShield.prefab using Guid(a40e944827edd5d4fae9b2ae99f42a1c) Importer(815301076,1909f56bfc062723c751e8b465ee728b)  -> (artifact id: 'b522791331e5bfdc6ad93e145dea2b44') in 0.261611 seconds
  Import took 0.268447 seconds .

========================================================================
Received Import Request.
  Time since last request: 0.000359 seconds.
  path: Assets/Prefabs/Player.prefab
  artifactKey: Guid(c974fc0cd78ea404694ad55dd1fe0ae7) Importer(815301076,1909f56bfc062723c751e8b465ee728b)
Start importing Assets/Prefabs/Player.prefab using Guid(c974fc0cd78ea404694ad55dd1fe0ae7) Importer(815301076,1909f56bfc062723c751e8b465ee728b)  -> (artifact id: '84ee7ac6fadfd1685b9c358887803bcf') in 0.090999 seconds
  Import took 0.094577 seconds .

========================================================================
Received Import Request.
  Time since last request: 24.552156 seconds.
  path: Assets/Scripts/PlayerController.cs
  artifactKey: Guid(ee6cf477b5477364585c3d7a66e4c95d) Importer(815301076,1909f56bfc062723c751e8b465ee728b)
Start importing Assets/Scripts/PlayerController.cs using Guid(ee6cf477b5477364585c3d7a66e4c95d) Importer(815301076,1909f56bfc062723c751e8b465ee728b)  -> (artifact id: '0d7654fad4cd7d8081445d6516f04828') in 0.003162 seconds
  Import took 0.006232 seconds .

========================================================================
Received Import Request.
  Time since last request: 0.020083 seconds.
  path: Assets/Scripts/PlayerController.cs
  artifactKey: Guid(ee6cf477b5477364585c3d7a66e4c95d) Importer(815301076,1909f56bfc062723c751e8b465ee728b)
Start importing Assets/Scripts/PlayerController.cs using Guid(ee6cf477b5477364585c3d7a66e4c95d) Importer(815301076,1909f56bfc062723c751e8b465ee728b)  -> (artifact id: '0d7654fad4cd7d8081445d6516f04828') in 0.002614 seconds
  Import took 0.005484 seconds .

========================================================================
Received Import Request.
  Time since last request: 34.610534 seconds.
  path: ProjectSettings/TagManager.asset
  artifactKey: Guid(00000000000000003000000000000000) Importer(815301076,1909f56bfc062723c751e8b465ee728b)
Start importing ProjectSettings/TagManager.asset using Guid(00000000000000003000000000000000) Importer(815301076,1909f56bfc062723c751e8b465ee728b)  -> (artifact id: 'fe0129b68fda5138cc6fc765a98f6ca5') in 0.045084 seconds
  Import took 0.048817 seconds .

========================================================================
Received Import Request.
  Time since last request: 0.001836 seconds.
  path: ProjectSettings/TagManager.asset
  artifactKey: Guid(00000000000000003000000000000000) Importer(815301076,1909f56bfc062723c751e8b465ee728b)
Start importing ProjectSettings/TagManager.asset using Guid(00000000000000003000000000000000) Importer(815301076,1909f56bfc062723c751e8b465ee728b)  -> (artifact id: 'fe0129b68fda5138cc6fc765a98f6ca5') in 0.001958 seconds
  Import took 0.005580 seconds .

========================================================================
Received Prepare
Registering precompiled user dll's ...
Registered in 0.000682 seconds.
Begin MonoManager ReloadAssembly
Native extension for WindowsStandalone target not found
Native extension for OSXStandalone target not found
Native extension for WebGL target not found
Refreshing native plugins compatible for Editor in 0.78 ms, found 0 plugins.
Preloading 0 native plugins for Editor in 0.00 ms.
Invoked RoslynAnalysisRunner static constructor.
RoslynAnalysisRunner will not be running.
RoslynAnalysisRunner has terminated.
Mono: successfully reloaded assembly
- Completed reload, in  1.058 seconds
Platform modules already initialized, skipping
Refreshing native plugins compatible for Editor in 0.51 ms, found 0 plugins.
Preloading 0 native plugins for Editor in 0.00 ms.
Unloading 1120 Unused Serialized files (Serialized files now loaded: 0)
System memory in use before: 63.1 MB.
System memory in use after: 63.2 MB.

Unloading 7 unused Assets to reduce memory usage. Loaded Objects now: 1613.
Total: 5.618052 ms (FindLiveObjects: 0.315753 ms CreateObjectMapping: 0.138255 ms MarkObjects: 5.078917 ms  DeleteObjects: 0.082410 ms)

========================================================================
Received Import Request.
  Time since last request: 115.027844 seconds.
  path: Assets/Scripts/PowerUp.cs
  artifactKey: Guid(9d4b73aac6c2fe84c9b885e8c03ae982) Importer(815301076,1909f56bfc062723c751e8b465ee728b)
Start importing Assets/Scripts/PowerUp.cs using Guid(9d4b73aac6c2fe84c9b885e8c03ae982) Importer(815301076,1909f56bfc062723c751e8b465ee728b)  -> (artifact id: 'a946cc80597fa86733dd7582d70824d7') in 0.023458 seconds
  Import took 0.026498 seconds .

========================================================================
Received Import Request.
  Time since last request: 2.603001 seconds.
  path: Assets/Prefabs/PUShield.prefab
  artifactKey: Guid(a40e944827edd5d4fae9b2ae99f42a1c) Importer(815301076,1909f56bfc062723c751e8b465ee728b)
Start importing Assets/Prefabs/PUShield.prefab using Guid(a40e944827edd5d4fae9b2ae99f42a1c) Importer(815301076,1909f56bfc062723c751e8b465ee728b)  -> (artifact id: '4846a69dc0260369d5e9e09051e1d3ed') in 0.084890 seconds
  Import took 0.087819 seconds .

========================================================================
Received Prepare
Registering precompiled user dll's ...
Registered in 0.000918 seconds.
Begin MonoManager ReloadAssembly
Native extension for WindowsStandalone target not found
Native extension for OSXStandalone target not found
Native extension for WebGL target not found
Refreshing native plugins compatible for Editor in 0.46 ms, found 0 plugins.
Preloading 0 native plugins for Editor in 0.00 ms.
Invoked RoslynAnalysisRunner static constructor.
RoslynAnalysisRunner will not be running.
RoslynAnalysisRunner has terminated.
Mono: successfully reloaded assembly
- Completed reload, in  0.969 seconds
Platform modules already initialized, skipping
Refreshing native plugins compatible for Editor in 0.49 ms, found 0 plugins.
Preloading 0 native plugins for Editor in 0.00 ms.
Unloading 1120 Unused Serialized files (Serialized files now loaded: 0)
System memory in use before: 63.1 MB.
System memory in use after: 63.2 MB.

Unloading 5 unused Assets to reduce memory usage. Loaded Objects now: 1617.
Total: 23.592136 ms (FindLiveObjects: 0.305188 ms CreateObjectMapping: 0.145500 ms MarkObjects: 23.057227 ms  DeleteObjects: 0.081504 ms)

========================================================================
Received Prepare
Registering precompiled user dll's ...
Registered in 0.000616 seconds.
Begin MonoManager ReloadAssembly
Native extension for WindowsStandalone target not found
Native extension for OSXStandalone target not found
Native extension for WebGL target not found
Refreshing native plugins compatible for Editor in 0.33 ms, found 0 plugins.
Preloading 0 native plugins for Editor in 0.00 ms.
Invoked RoslynAnalysisRunner static constructor.
RoslynAnalysisRunner will not be running.
RoslynAnalysisRunner has terminated.
Mono: successfully reloaded assembly
- Completed reload, in  0.821 seconds
Platform modules already initialized, skipping
Refreshing native plugins compatible for Editor in 0.53 ms, found 0 plugins.
Preloading 0 native plugins for Editor in 0.00 ms.
Unloading 1120 Unused Serialized files (Serialized files now loaded: 0)
System memory in use before: 63.1 MB.
System memory in use after: 63.2 MB.

Unloading 5 unused Assets to reduce memory usage. Loaded Objects now: 1620.
Total: 3.770322 ms (FindLiveObjects: 0.322998 ms CreateObjectMapping: 0.143387 ms MarkObjects: 3.223037 ms  DeleteObjects: 0.077882 ms)

========================================================================
Received Prepare
Registering precompiled user dll's ...
Registered in 0.000661 seconds.
Begin MonoManager ReloadAssembly
Native extension for WindowsStandalone target not found
Native extension for OSXStandalone target not found
Native extension for WebGL target not found
Refreshing native plugins compatible for Editor in 0.32 ms, found 0 plugins.
Preloading 0 native plugins for Editor in 0.00 ms.
Invoked RoslynAnalysisRunner static constructor.
RoslynAnalysisRunner will not be running.
RoslynAnalysisRunner has terminated.
Mono: successfully reloaded assembly
- Completed reload, in  1.023 seconds
Platform modules already initialized, skipping
Refreshing native plugins compatible for Editor in 0.54 ms, found 0 plugins.
Preloading 0 native plugins for Editor in 0.00 ms.
Unloading 1120 Unused Serialized files (Serialized files now loaded: 0)
System memory in use before: 63.1 MB.
System memory in use after: 63.2 MB.

Unloading 5 unused Assets to reduce memory usage. Loaded Objects now: 1623.
Total: 21.463972 ms (FindLiveObjects: 0.332356 ms CreateObjectMapping: 0.144293 ms MarkObjects: 20.901895 ms  DeleteObjects: 0.082410 ms)

========================================================================
Received Prepare
Registering precompiled user dll's ...
Registered in 0.000708 seconds.
Begin MonoManager ReloadAssembly
Native extension for WindowsStandalone target not found
Native extension for OSXStandalone target not found
Native extension for WebGL target not found
Refreshing native plugins compatible for Editor in 0.32 ms, found 0 plugins.
Preloading 0 native plugins for Editor in 0.00 ms.
Invoked RoslynAnalysisRunner static constructor.
RoslynAnalysisRunner will not be running.
RoslynAnalysisRunner has terminated.
Mono: successfully reloaded assembly
- Completed reload, in  1.020 seconds
Platform modules already initialized, skipping
Refreshing native plugins compatible for Editor in 0.52 ms, found 0 plugins.
Preloading 0 native plugins for Editor in 0.00 ms.
Unloading 1120 Unused Serialized files (Serialized files now loaded: 0)
System memory in use before: 63.1 MB.
System memory in use after: 63.2 MB.

Unloading 5 unused Assets to reduce memory usage. Loaded Objects now: 1626.
Total: 2.280004 ms (FindLiveObjects: 0.303377 ms CreateObjectMapping: 0.120445 ms MarkObjects: 1.793092 ms  DeleteObjects: 0.061279 ms)

========================================================================
Received Prepare
Registering precompiled user dll's ...
Registered in 0.000772 seconds.
Begin MonoManager ReloadAssembly
Native extension for WindowsStandalone target not found
Native extension for OSXStandalone target not found
Native extension for WebGL target not found
Refreshing native plugins compatible for Editor in 0.32 ms, found 0 plugins.
Preloading 0 native plugins for Editor in 0.00 ms.
Invoked RoslynAnalysisRunner static constructor.
RoslynAnalysisRunner will not be running.
RoslynAnalysisRunner has terminated.
Mono: successfully reloaded assembly
- Completed reload, in  0.936 seconds
Platform modules already initialized, skipping
Refreshing native plugins compatible for Editor in 0.50 ms, found 0 plugins.
Preloading 0 native plugins for Editor in 0.00 ms.
Unloading 1120 Unused Serialized files (Serialized files now loaded: 0)
System memory in use before: 63.1 MB.
System memory in use after: 63.2 MB.

Unloading 5 unused Assets to reduce memory usage. Loaded Objects now: 1629.
Total: 4.657209 ms (FindLiveObjects: 0.349260 ms CreateObjectMapping: 0.147311 ms MarkObjects: 4.075208 ms  DeleteObjects: 0.082712 ms)

========================================================================
Received Prepare
Registering precompiled user dll's ...
Registered in 0.000882 seconds.
Begin MonoManager ReloadAssembly
Native extension for WindowsStandalone target not found
Native extension for OSXStandalone target not found
Native extension for WebGL target not found
Refreshing native plugins compatible for Editor in 0.32 ms, found 0 plugins.
Preloading 0 native plugins for Editor in 0.00 ms.
Invoked RoslynAnalysisRunner static constructor.
RoslynAnalysisRunner will not be running.
RoslynAnalysisRunner has terminated.
Mono: successfully reloaded assembly
- Completed reload, in  1.000 seconds
Platform modules already initialized, skipping
Refreshing native plugins compatible for Editor in 0.52 ms, found 0 plugins.
Preloading 0 native plugins for Editor in 0.00 ms.
Unloading 1120 Unused Serialized files (Serialized files now loaded: 0)
System memory in use before: 63.1 MB.
System memory in use after: 63.2 MB.

Unloading 5 unused Assets to reduce memory usage. Loaded Objects now: 1632.
Total: 2.547156 ms (FindLiveObjects: 0.330243 ms CreateObjectMapping: 0.167536 ms MarkObjects: 1.984777 ms  DeleteObjects: 0.062487 ms)

========================================================================
Received Prepare
Registering precompiled user dll's ...
Registered in 0.000948 seconds.
Begin MonoManager ReloadAssembly
Native extension for WindowsStandalone target not found
Native extension for OSXStandalone target not found
Native extension for WebGL target not found
Refreshing native plugins compatible for Editor in 0.32 ms, found 0 plugins.
Preloading 0 native plugins for Editor in 0.00 ms.
Invoked RoslynAnalysisRunner static constructor.
RoslynAnalysisRunner will not be running.
RoslynAnalysisRunner has terminated.
Mono: successfully reloaded assembly
- Completed reload, in  1.042 seconds
Platform modules already initialized, skipping
Refreshing native plugins compatible for Editor in 0.46 ms, found 0 plugins.
Preloading 0 native plugins for Editor in 0.00 ms.
Unloading 1120 Unused Serialized files (Serialized files now loaded: 0)
System memory in use before: 63.1 MB.
System memory in use after: 63.2 MB.

Unloading 5 unused Assets to reduce memory usage. Loaded Objects now: 1635.
Total: 12.449007 ms (FindLiveObjects: 0.328432 ms CreateObjectMapping: 0.154556 ms MarkObjects: 11.883911 ms  DeleteObjects: 0.079693 ms)

========================================================================
Received Prepare
Registering precompiled user dll's ...
Registered in 0.000662 seconds.
Begin MonoManager ReloadAssembly
Native extension for WindowsStandalone target not found
Native extension for OSXStandalone target not found
Native extension for WebGL target not found
Refreshing native plugins compatible for Editor in 0.32 ms, found 0 plugins.
Preloading 0 native plugins for Editor in 0.00 ms.
Invoked RoslynAnalysisRunner static constructor.
RoslynAnalysisRunner will not be running.
RoslynAnalysisRunner has terminated.
Mono: successfully reloaded assembly
- Completed reload, in  0.956 seconds
Platform modules already initialized, skipping
Refreshing native plugins compatible for Editor in 0.53 ms, found 0 plugins.
Preloading 0 native plugins for Editor in 0.00 ms.
Unloading 1120 Unused Serialized files (Serialized files now loaded: 0)
System memory in use before: 63.2 MB.
System memory in use after: 63.2 MB.

Unloading 5 unused Assets to reduce memory usage. Loaded Objects now: 1638.
Total: 3.867826 ms (FindLiveObjects: 0.333563 ms CreateObjectMapping: 0.142783 ms MarkObjects: 3.299711 ms  DeleteObjects: 0.089051 ms)

========================================================================
Received Import Request.
  Time since last request: 1106.081800 seconds.
  path: Assets/Scripts/PUShield.cs
  artifactKey: Guid(c86b6852cec49004997c6c4957647ce5) Importer(815301076,1909f56bfc062723c751e8b465ee728b)
Start importing Assets/Scripts/PUShield.cs using Guid(c86b6852cec49004997c6c4957647ce5) Importer(815301076,1909f56bfc062723c751e8b465ee728b)  -> (artifact id: '77fef305cf2a4b6cf24f92d1a4127c7a') in 0.009613 seconds
  Import took 0.013906 seconds .

========================================================================
Received Import Request.
  Time since last request: 12.390832 seconds.
  path: Assets/Scripts/PURapid.cs
  artifactKey: Guid(92c09756cc7a0e744858c7fa8a0a7e65) Importer(815301076,1909f56bfc062723c751e8b465ee728b)
Start importing Assets/Scripts/PURapid.cs using Guid(92c09756cc7a0e744858c7fa8a0a7e65) Importer(815301076,1909f56bfc062723c751e8b465ee728b)  -> (artifact id: '492f33332b649d1e65787d4f67bf750f') in 0.008515 seconds
  Import took 0.011264 seconds .

========================================================================
Received Prepare
Registering precompiled user dll's ...
Registered in 0.000913 seconds.
Begin MonoManager ReloadAssembly
Native extension for WindowsStandalone target not found
Native extension for OSXStandalone target not found
Native extension for WebGL target not found
Refreshing native plugins compatible for Editor in 0.36 ms, found 0 plugins.
Preloading 0 native plugins for Editor in 0.00 ms.
Invoked RoslynAnalysisRunner static constructor.
RoslynAnalysisRunner will not be running.
RoslynAnalysisRunner has terminated.
Mono: successfully reloaded assembly
- Completed reload, in  1.328 seconds
Platform modules already initialized, skipping
Refreshing native plugins compatible for Editor in 0.47 ms, found 0 plugins.
Preloading 0 native plugins for Editor in 0.00 ms.
Unloading 1121 Unused Serialized files (Serialized files now loaded: 0)
System memory in use before: 63.2 MB.
System memory in use after: 63.2 MB.

Unloading 5 unused Assets to reduce memory usage. Loaded Objects now: 1642.
Total: 4.429299 ms (FindLiveObjects: 0.266247 ms CreateObjectMapping: 0.076976 ms MarkObjects: 4.001251 ms  DeleteObjects: 0.082108 ms)

========================================================================
Received Prepare
Registering precompiled user dll's ...
Registered in 0.000684 seconds.
Begin MonoManager ReloadAssembly
Native extension for WindowsStandalone target not found
Native extension for OSXStandalone target not found
Native extension for WebGL target not found
Refreshing native plugins compatible for Editor in 0.32 ms, found 0 plugins.
Preloading 0 native plugins for Editor in 0.00 ms.
Invoked RoslynAnalysisRunner static constructor.
RoslynAnalysisRunner will not be running.
RoslynAnalysisRunner has terminated.
Mono: successfully reloaded assembly
- Completed reload, in  1.015 seconds
Platform modules already initialized, skipping
Refreshing native plugins compatible for Editor in 0.53 ms, found 0 plugins.
Preloading 0 native plugins for Editor in 0.00 ms.
Unloading 1121 Unused Serialized files (Serialized files now loaded: 0)
System memory in use before: 63.2 MB.
System memory in use after: 63.3 MB.

Unloading 5 unused Assets to reduce memory usage. Loaded Objects now: 1645.
Total: 2.989996 ms (FindLiveObjects: 0.307603 ms CreateObjectMapping: 0.129501 ms MarkObjects: 2.478632 ms  DeleteObjects: 0.071844 ms)

========================================================================
Received Import Request.
  Time since last request: 19.935559 seconds.
  path: Assets/Scripts/PURapid.cs
  artifactKey: Guid(92c09756cc7a0e744858c7fa8a0a7e65) Importer(815301076,1909f56bfc062723c751e8b465ee728b)
Start importing Assets/Scripts/PURapid.cs using Guid(92c09756cc7a0e744858c7fa8a0a7e65) Importer(815301076,1909f56bfc062723c751e8b465ee728b)  -> (artifact id: 'a59dbdf163ecc66141860cd2bff0ab4b') in 0.005764 seconds
  Import took 0.008234 seconds .

========================================================================
Received Prepare
Registering precompiled user dll's ...
Registered in 0.000656 seconds.
Begin MonoManager ReloadAssembly
Native extension for WindowsStandalone target not found
Native extension for OSXStandalone target not found
Native extension for WebGL target not found
Refreshing native plugins compatible for Editor in 0.31 ms, found 0 plugins.
Preloading 0 native plugins for Editor in 0.00 ms.
Invoked RoslynAnalysisRunner static constructor.
RoslynAnalysisRunner will not be running.
RoslynAnalysisRunner has terminated.
Mono: successfully reloaded assembly
- Completed reload, in  0.819 seconds
Platform modules already initialized, skipping
Refreshing native plugins compatible for Editor in 0.52 ms, found 0 plugins.
Preloading 0 native plugins for Editor in 0.00 ms.
Unloading 1121 Unused Serialized files (Serialized files now loaded: 0)
System memory in use before: 63.2 MB.
System memory in use after: 63.3 MB.

Unloading 5 unused Assets to reduce memory usage. Loaded Objects now: 1648.
Total: 35.904397 ms (FindLiveObjects: 0.332356 ms CreateObjectMapping: 0.139765 ms MarkObjects: 35.346245 ms  DeleteObjects: 0.083014 ms)

========================================================================
Received Prepare
Registering precompiled user dll's ...
Registered in 0.000714 seconds.
Begin MonoManager ReloadAssembly
Native extension for WindowsStandalone target not found
Native extension for OSXStandalone target not found
Native extension for WebGL target not found
Refreshing native plugins compatible for Editor in 0.31 ms, found 0 plugins.
Preloading 0 native plugins for Editor in 0.00 ms.
Invoked RoslynAnalysisRunner static constructor.
RoslynAnalysisRunner will not be running.
RoslynAnalysisRunner has terminated.
Mono: successfully reloaded assembly
- Completed reload, in  0.946 seconds
Platform modules already initialized, skipping
Refreshing native plugins compatible for Editor in 0.36 ms, found 0 plugins.
Preloading 0 native plugins for Editor in 0.00 ms.
Unloading 1121 Unused Serialized files (Serialized files now loaded: 0)
System memory in use before: 63.2 MB.
System memory in use after: 63.3 MB.

Unloading 5 unused Assets to reduce memory usage. Loaded Objects now: 1651.
Total: 4.142223 ms (FindLiveObjects: 0.758291 ms CreateObjectMapping: 0.148217 ms MarkObjects: 3.152702 ms  DeleteObjects: 0.080599 ms)

========================================================================
Received Import Request.
  Time since last request: 343.571591 seconds.
  path: Assets/Scripts/PURapid.cs
  artifactKey: Guid(92c09756cc7a0e744858c7fa8a0a7e65) Importer(815301076,1909f56bfc062723c751e8b465ee728b)
Start importing Assets/Scripts/PURapid.cs using Guid(92c09756cc7a0e744858c7fa8a0a7e65) Importer(815301076,1909f56bfc062723c751e8b465ee728b)  -> (artifact id: '2e88138a79311bbab1160c2f675e6fb8') in 0.005863 seconds
  Import took 0.008332 seconds .

========================================================================
Received Prepare
Registering precompiled user dll's ...
Registered in 0.002018 seconds.
Begin MonoManager ReloadAssembly
Native extension for WindowsStandalone target not found
Native extension for OSXStandalone target not found
Native extension for WebGL target not found
Refreshing native plugins compatible for Editor in 0.33 ms, found 0 plugins.
Preloading 0 native plugins for Editor in 0.00 ms.
Invoked RoslynAnalysisRunner static constructor.
RoslynAnalysisRunner will not be running.
RoslynAnalysisRunner has terminated.
Mono: successfully reloaded assembly
- Completed reload, in  0.873 seconds
Platform modules already initialized, skipping
Refreshing native plugins compatible for Editor in 0.55 ms, found 0 plugins.
Preloading 0 native plugins for Editor in 0.00 ms.
Unloading 1121 Unused Serialized files (Serialized files now loaded: 0)
System memory in use before: 63.2 MB.
System memory in use after: 63.3 MB.

Unloading 5 unused Assets to reduce memory usage. Loaded Objects now: 1654.
Total: 4.787917 ms (FindLiveObjects: 0.356203 ms CreateObjectMapping: 0.224891 ms MarkObjects: 4.138902 ms  DeleteObjects: 0.065203 ms)

========================================================================
Received Import Request.
  Time since last request: 61.508778 seconds.
  path: Assets/Prefabs/PURapid.prefab
  artifactKey: Guid(8586912468d70974ca68920d669b79b3) Importer(815301076,1909f56bfc062723c751e8b465ee728b)
Start importing Assets/Prefabs/PURapid.prefab using Guid(8586912468d70974ca68920d669b79b3) Importer(815301076,1909f56bfc062723c751e8b465ee728b)  -> (artifact id: '84a912d01e953f406a34e2a7a436e67f') in 0.696769 seconds
  Import took 0.699923 seconds .

========================================================================
Received Prepare
Registering precompiled user dll's ...
Registered in 0.000691 seconds.
Begin MonoManager ReloadAssembly
Native extension for WindowsStandalone target not found
Native extension for OSXStandalone target not found
Native extension for WebGL target not found
Refreshing native plugins compatible for Editor in 0.33 ms, found 0 plugins.
Preloading 0 native plugins for Editor in 0.00 ms.
Invoked RoslynAnalysisRunner static constructor.
RoslynAnalysisRunner will not be running.
RoslynAnalysisRunner has terminated.
Mono: successfully reloaded assembly
- Completed reload, in  1.062 seconds
Platform modules already initialized, skipping
Refreshing native plugins compatible for Editor in 0.51 ms, found 0 plugins.
Preloading 0 native plugins for Editor in 0.00 ms.
Unloading 1121 Unused Serialized files (Serialized files now loaded: 0)
System memory in use before: 63.2 MB.
System memory in use after: 63.3 MB.

Unloading 5 unused Assets to reduce memory usage. Loaded Objects now: 1658.
Total: 4.753504 ms (FindLiveObjects: 0.232740 ms CreateObjectMapping: 0.064298 ms MarkObjects: 4.371038 ms  DeleteObjects: 0.083315 ms)

========================================================================
Received Prepare
Registering precompiled user dll's ...
Registered in 0.001056 seconds.
Begin MonoManager ReloadAssembly
Native extension for WindowsStandalone target not found
Native extension for OSXStandalone target not found
Native extension for WebGL target not found
Refreshing native plugins compatible for Editor in 0.32 ms, found 0 plugins.
Preloading 0 native plugins for Editor in 0.00 ms.
Invoked RoslynAnalysisRunner static constructor.
RoslynAnalysisRunner will not be running.
RoslynAnalysisRunner has terminated.
Mono: successfully reloaded assembly
- Completed reload, in  1.056 seconds
Platform modules already initialized, skipping
Refreshing native plugins compatible for Editor in 1.71 ms, found 0 plugins.
Preloading 0 native plugins for Editor in 0.00 ms.
Unloading 1121 Unused Serialized files (Serialized files now loaded: 0)
System memory in use before: 63.2 MB.
System memory in use after: 63.3 MB.

Unloading 5 unused Assets to reduce memory usage. Loaded Objects now: 1661.
Total: 2.454181 ms (FindLiveObjects: 0.199534 ms CreateObjectMapping: 0.090560 ms MarkObjects: 2.098883 ms  DeleteObjects: 0.062788 ms)

========================================================================
Received Prepare
Registering precompiled user dll's ...
Registered in 0.000661 seconds.
Begin MonoManager ReloadAssembly
Native extension for WindowsStandalone target not found
Native extension for OSXStandalone target not found
Native extension for WebGL target not found
Refreshing native plugins compatible for Editor in 0.47 ms, found 0 plugins.
Preloading 0 native plugins for Editor in 0.00 ms.
Invoked RoslynAnalysisRunner static constructor.
RoslynAnalysisRunner will not be running.
RoslynAnalysisRunner has terminated.
Mono: successfully reloaded assembly
- Completed reload, in  1.017 seconds
Platform modules already initialized, skipping
Refreshing native plugins compatible for Editor in 0.45 ms, found 0 plugins.
Preloading 0 native plugins for Editor in 0.00 ms.
Unloading 1121 Unused Serialized files (Serialized files now loaded: 0)
System memory in use before: 63.2 MB.
System memory in use after: 63.3 MB.

Unloading 5 unused Assets to reduce memory usage. Loaded Objects now: 1664.
Total: 17.234811 ms (FindLiveObjects: 1.115702 ms CreateObjectMapping: 0.260511 ms MarkObjects: 15.661177 ms  DeleteObjects: 0.194403 ms)

========================================================================
Received Prepare
Registering precompiled user dll's ...
Registered in 0.000669 seconds.
Begin MonoManager ReloadAssembly
Native extension for WindowsStandalone target not found
Native extension for OSXStandalone target not found
Native extension for WebGL target not found
Refreshing native plugins compatible for Editor in 0.37 ms, found 0 plugins.
Preloading 0 native plugins for Editor in 0.00 ms.
Invoked RoslynAnalysisRunner static constructor.
RoslynAnalysisRunner will not be running.
RoslynAnalysisRunner has terminated.
Mono: successfully reloaded assembly
- Completed reload, in  1.046 seconds
Platform modules already initialized, skipping
Refreshing native plugins compatible for Editor in 0.51 ms, found 0 plugins.
Preloading 0 native plugins for Editor in 0.00 ms.
Unloading 1121 Unused Serialized files (Serialized files now loaded: 0)
System memory in use before: 63.2 MB.
System memory in use after: 63.3 MB.

Unloading 5 unused Assets to reduce memory usage. Loaded Objects now: 1667.
Total: 11.856743 ms (FindLiveObjects: 0.226099 ms CreateObjectMapping: 0.062487 ms MarkObjects: 11.483032 ms  DeleteObjects: 0.082410 ms)

========================================================================
Received Prepare
Registering precompiled user dll's ...
Registered in 0.000845 seconds.
Begin MonoManager ReloadAssembly
Native extension for WindowsStandalone target not found
Native extension for OSXStandalone target not found
Native extension for WebGL target not found
Refreshing native plugins compatible for Editor in 0.55 ms, found 0 plugins.
Preloading 0 native plugins for Editor in 0.00 ms.
Invoked RoslynAnalysisRunner static constructor.
RoslynAnalysisRunner will not be running.
RoslynAnalysisRunner has terminated.
Mono: successfully reloaded assembly
- Completed reload, in  1.036 seconds
Platform modules already initialized, skipping
Refreshing native plugins compatible for Editor in 0.49 ms, found 0 plugins.
Preloading 0 native plugins for Editor in 0.00 ms.
Unloading 1121 Unused Serialized files (Serialized files now loaded: 0)
System memory in use before: 63.2 MB.
System memory in use after: 63.3 MB.

Unloading 5 unused Assets to reduce memory usage. Loaded Objects now: 1670.
Total: 15.382855 ms (FindLiveObjects: 0.334167 ms CreateObjectMapping: 0.142783 ms MarkObjects: 14.824099 ms  DeleteObjects: 0.079391 ms)

========================================================================
Received Import Request.
  Time since last request: 273.999344 seconds.
  path: ProjectSettings/TagManager.asset
  artifactKey: Guid(00000000000000003000000000000000) Importer(815301076,1909f56bfc062723c751e8b465ee728b)
Start importing ProjectSettings/TagManager.asset using Guid(00000000000000003000000000000000) Importer(815301076,1909f56bfc062723c751e8b465ee728b)  -> (artifact id: 'ba4df82754e1f694db3404a969a48181') in 0.021728 seconds
  Import took 0.025175 seconds .

========================================================================
Received Import Request.
  Time since last request: 12.849544 seconds.
  path: ProjectSettings/TagManager.asset
  artifactKey: Guid(00000000000000003000000000000000) Importer(815301076,1909f56bfc062723c751e8b465ee728b)
Start importing ProjectSettings/TagManager.asset using Guid(00000000000000003000000000000000) Importer(815301076,1909f56bfc062723c751e8b465ee728b)  -> (artifact id: '04e0c941c9b188fb32b56d6c1f4cab8a') in 0.004051 seconds
  Import took 0.009565 seconds .

========================================================================
Received Prepare
Registering precompiled user dll's ...
Registered in 0.001003 seconds.
Begin MonoManager ReloadAssembly
Native extension for WindowsStandalone target not found
Native extension for OSXStandalone target not found
Native extension for WebGL target not found
Refreshing native plugins compatible for Editor in 0.35 ms, found 0 plugins.
Preloading 0 native plugins for Editor in 0.00 ms.
Invoked RoslynAnalysisRunner static constructor.
RoslynAnalysisRunner will not be running.
RoslynAnalysisRunner has terminated.
Mono: successfully reloaded assembly
- Completed reload, in  0.979 seconds
Platform modules already initialized, skipping
Refreshing native plugins compatible for Editor in 1.61 ms, found 0 plugins.
Preloading 0 native plugins for Editor in 0.00 ms.
Unloading 1121 Unused Serialized files (Serialized files now loaded: 0)
System memory in use before: 63.3 MB.
System memory in use after: 63.3 MB.

Unloading 7 unused Assets to reduce memory usage. Loaded Objects now: 1673.
Total: 40.239514 ms (FindLiveObjects: 0.452801 ms CreateObjectMapping: 0.166631 ms MarkObjects: 39.547332 ms  DeleteObjects: 0.069731 ms)

========================================================================
Received Prepare
Registering precompiled user dll's ...
Registered in 0.000631 seconds.
Begin MonoManager ReloadAssembly
Native extension for WindowsStandalone target not found
Native extension for OSXStandalone target not found
Native extension for WebGL target not found
Refreshing native plugins compatible for Editor in 0.36 ms, found 0 plugins.
Preloading 0 native plugins for Editor in 0.00 ms.
Invoked RoslynAnalysisRunner static constructor.
RoslynAnalysisRunner will not be running.
RoslynAnalysisRunner has terminated.
Mono: successfully reloaded assembly
- Completed reload, in  1.049 seconds
Platform modules already initialized, skipping
Refreshing native plugins compatible for Editor in 0.51 ms, found 0 plugins.
Preloading 0 native plugins for Editor in 0.00 ms.
Unloading 1121 Unused Serialized files (Serialized files now loaded: 0)
System memory in use before: 63.2 MB.
System memory in use after: 63.3 MB.

Unloading 5 unused Assets to reduce memory usage. Loaded Objects now: 1676.
Total: 283.605829 ms (FindLiveObjects: 0.315451 ms CreateObjectMapping: 0.094786 ms MarkObjects: 283.102314 ms  DeleteObjects: 0.090560 ms)

========================================================================
Received Prepare
Registering precompiled user dll's ...
Registered in 0.000651 seconds.
Begin MonoManager ReloadAssembly
Native extension for WindowsStandalone target not found
Native extension for OSXStandalone target not found
Native extension for WebGL target not found
Refreshing native plugins compatible for Editor in 0.49 ms, found 0 plugins.
Preloading 0 native plugins for Editor in 0.00 ms.
Invoked RoslynAnalysisRunner static constructor.
RoslynAnalysisRunner will not be running.
RoslynAnalysisRunner has terminated.
Mono: successfully reloaded assembly
- Completed reload, in  1.052 seconds
Platform modules already initialized, skipping
Refreshing native plugins compatible for Editor in 0.50 ms, found 0 plugins.
Preloading 0 native plugins for Editor in 0.00 ms.
Unloading 1121 Unused Serialized files (Serialized files now loaded: 0)
System memory in use before: 63.3 MB.
System memory in use after: 63.3 MB.

Unloading 5 unused Assets to reduce memory usage. Loaded Objects now: 1679.
Total: 2.868645 ms (FindLiveObjects: 0.330545 ms CreateObjectMapping: 0.079089 ms MarkObjects: 2.386563 ms  DeleteObjects: 0.070033 ms)

========================================================================
Received Prepare
Registering precompiled user dll's ...
Registered in 0.000667 seconds.
Begin MonoManager ReloadAssembly
Native extension for WindowsStandalone target not found
Native extension for OSXStandalone target not found
Native extension for WebGL target not found
Refreshing native plugins compatible for Editor in 0.34 ms, found 0 plugins.
Preloading 0 native plugins for Editor in 0.00 ms.
Invoked RoslynAnalysisRunner static constructor.
RoslynAnalysisRunner will not be running.
RoslynAnalysisRunner has terminated.
Mono: successfully reloaded assembly
- Completed reload, in  1.099 seconds
Platform modules already initialized, skipping
Refreshing native plugins compatible for Editor in 0.49 ms, found 0 plugins.
Preloading 0 native plugins for Editor in 0.00 ms.
Unloading 1121 Unused Serialized files (Serialized files now loaded: 0)
System memory in use before: 63.3 MB.
System memory in use after: 63.3 MB.

Unloading 5 unused Assets to reduce memory usage. Loaded Objects now: 1682.
Total: 2.649489 ms (FindLiveObjects: 0.203157 ms CreateObjectMapping: 0.090258 ms MarkObjects: 2.282419 ms  DeleteObjects: 0.071543 ms)

========================================================================
Received Import Request.
  Time since last request: 1459.440587 seconds.
  path: Assets/Prefabs/PUShield.prefab
  artifactKey: Guid(a40e944827edd5d4fae9b2ae99f42a1c) Importer(815301076,1909f56bfc062723c751e8b465ee728b)
Start importing Assets/Prefabs/PUShield.prefab using Guid(a40e944827edd5d4fae9b2ae99f42a1c) Importer(815301076,1909f56bfc062723c751e8b465ee728b)  -> (artifact id: '573da2c2a8416ddb4c814598eaed171d') in 0.172615 seconds
  Import took 0.175598 seconds .

========================================================================
Received Prepare
Registering precompiled user dll's ...
Registered in 0.000946 seconds.
Begin MonoManager ReloadAssembly
Native extension for WindowsStandalone target not found
Native extension for OSXStandalone target not found
Native extension for WebGL target not found
Refreshing native plugins compatible for Editor in 0.33 ms, found 0 plugins.
Preloading 0 native plugins for Editor in 0.00 ms.
Invoked RoslynAnalysisRunner static constructor.
RoslynAnalysisRunner will not be running.
RoslynAnalysisRunner has terminated.
Mono: successfully reloaded assembly
- Completed reload, in  1.056 seconds
Platform modules already initialized, skipping
Refreshing native plugins compatible for Editor in 0.49 ms, found 0 plugins.
Preloading 0 native plugins for Editor in 0.00 ms.
Unloading 1121 Unused Serialized files (Serialized files now loaded: 0)
System memory in use before: 63.3 MB.
System memory in use after: 63.4 MB.

Unloading 5 unused Assets to reduce memory usage. Loaded Objects now: 1686.
Total: 2.496744 ms (FindLiveObjects: 0.240286 ms CreateObjectMapping: 0.056449 ms MarkObjects: 2.118807 ms  DeleteObjects: 0.078485 ms)

========================================================================
Received Prepare
Registering precompiled user dll's ...
Registered in 0.000682 seconds.
Begin MonoManager ReloadAssembly
Native extension for WindowsStandalone target not found
Native extension for OSXStandalone target not found
Native extension for WebGL target not found
Refreshing native plugins compatible for Editor in 0.33 ms, found 0 plugins.
Preloading 0 native plugins for Editor in 0.00 ms.
Invoked RoslynAnalysisRunner static constructor.
RoslynAnalysisRunner will not be running.
RoslynAnalysisRunner has terminated.
Mono: successfully reloaded assembly
- Completed reload, in  1.077 seconds
Platform modules already initialized, skipping
Refreshing native plugins compatible for Editor in 0.52 ms, found 0 plugins.
Preloading 0 native plugins for Editor in 0.00 ms.
Unloading 1121 Unused Serialized files (Serialized files now loaded: 0)
System memory in use before: 63.3 MB.
System memory in use after: 63.4 MB.

Unloading 5 unused Assets to reduce memory usage. Loaded Objects now: 1689.
Total: 2.557420 ms (FindLiveObjects: 0.282246 ms CreateObjectMapping: 0.111691 ms MarkObjects: 2.088922 ms  DeleteObjects: 0.072750 ms)

========================================================================
Received Prepare
Registering precompiled user dll's ...
Registered in 0.001671 seconds.
Begin MonoManager ReloadAssembly
Native extension for WindowsStandalone target not found
Native extension for OSXStandalone target not found
Native extension for WebGL target not found
Refreshing native plugins compatible for Editor in 0.77 ms, found 0 plugins.
Preloading 0 native plugins for Editor in 0.00 ms.
Invoked RoslynAnalysisRunner static constructor.
RoslynAnalysisRunner will not be running.
RoslynAnalysisRunner has terminated.
Mono: successfully reloaded assembly
- Completed reload, in  1.063 seconds
Platform modules already initialized, skipping
Refreshing native plugins compatible for Editor in 0.51 ms, found 0 plugins.
Preloading 0 native plugins for Editor in 0.00 ms.
Unloading 1121 Unused Serialized files (Serialized files now loaded: 0)
System memory in use before: 63.2 MB.
System memory in use after: 63.3 MB.

Unloading 5 unused Assets to reduce memory usage. Loaded Objects now: 1692.
Total: 2.873777 ms (FindLiveObjects: 0.295830 ms CreateObjectMapping: 0.108068 ms MarkObjects: 2.393204 ms  DeleteObjects: 0.073656 ms)

========================================================================
Received Prepare
Registering precompiled user dll's ...
Registered in 0.000668 seconds.
Begin MonoManager ReloadAssembly
Native extension for WindowsStandalone target not found
Native extension for OSXStandalone target not found
Native extension for WebGL target not found
Refreshing native plugins compatible for Editor in 0.49 ms, found 0 plugins.
Preloading 0 native plugins for Editor in 0.00 ms.
Invoked RoslynAnalysisRunner static constructor.
RoslynAnalysisRunner will not be running.
RoslynAnalysisRunner has terminated.
Mono: successfully reloaded assembly
- Completed reload, in  1.124 seconds
Platform modules already initialized, skipping
Refreshing native plugins compatible for Editor in 0.52 ms, found 0 plugins.
Preloading 0 native plugins for Editor in 0.00 ms.
Unloading 1121 Unused Serialized files (Serialized files now loaded: 0)
System memory in use before: 63.3 MB.
System memory in use after: 63.3 MB.

Unloading 5 unused Assets to reduce memory usage. Loaded Objects now: 1695.
Total: 13.210618 ms (FindLiveObjects: 0.291302 ms CreateObjectMapping: 0.203157 ms MarkObjects: 12.174610 ms  DeleteObjects: 0.538229 ms)

========================================================================
Received Prepare
Registering precompiled user dll's ...
Registered in 0.001128 seconds.
Begin MonoManager ReloadAssembly
Native extension for WindowsStandalone target not found
Native extension for OSXStandalone target not found
Native extension for WebGL target not found
Refreshing native plugins compatible for Editor in 0.33 ms, found 0 plugins.
Preloading 0 native plugins for Editor in 0.00 ms.
Invoked RoslynAnalysisRunner static constructor.
RoslynAnalysisRunner will not be running.
RoslynAnalysisRunner has terminated.
Mono: successfully reloaded assembly
- Completed reload, in  1.074 seconds
Platform modules already initialized, skipping
Refreshing native plugins compatible for Editor in 0.66 ms, found 0 plugins.
Preloading 0 native plugins for Editor in 0.00 ms.
Unloading 1121 Unused Serialized files (Serialized files now loaded: 0)
System memory in use before: 63.3 MB.
System memory in use after: 63.3 MB.

Unloading 5 unused Assets to reduce memory usage. Loaded Objects now: 1698.
Total: 2.397128 ms (FindLiveObjects: 0.304886 ms CreateObjectMapping: 0.221269 ms MarkObjects: 1.807883 ms  DeleteObjects: 0.060675 ms)

========================================================================
Received Prepare
Registering precompiled user dll's ...
Registered in 0.000800 seconds.
Begin MonoManager ReloadAssembly
Native extension for WindowsStandalone target not found
Native extension for OSXStandalone target not found
Native extension for WebGL target not found
Refreshing native plugins compatible for Editor in 0.32 ms, found 0 plugins.
Preloading 0 native plugins for Editor in 0.00 ms.
Invoked RoslynAnalysisRunner static constructor.
RoslynAnalysisRunner will not be running.
RoslynAnalysisRunner has terminated.
Mono: successfully reloaded assembly
- Completed reload, in  1.004 seconds
Platform modules already initialized, skipping
Refreshing native plugins compatible for Editor in 0.52 ms, found 0 plugins.
Preloading 0 native plugins for Editor in 0.00 ms.
Unloading 1121 Unused Serialized files (Serialized files now loaded: 0)
System memory in use before: 63.3 MB.
System memory in use after: 63.3 MB.

Unloading 5 unused Assets to reduce memory usage. Loaded Objects now: 1701.
Total: 13.512184 ms (FindLiveObjects: 0.336582 ms CreateObjectMapping: 0.146708 ms MarkObjects: 12.949805 ms  DeleteObjects: 0.076071 ms)

========================================================================
Received Prepare
Registering precompiled user dll's ...
Registered in 0.001076 seconds.
Begin MonoManager ReloadAssembly
Native extension for WindowsStandalone target not found
Native extension for OSXStandalone target not found
Native extension for WebGL target not found
Refreshing native plugins compatible for Editor in 0.38 ms, found 0 plugins.
Preloading 0 native plugins for Editor in 0.00 ms.
Invoked RoslynAnalysisRunner static constructor.
RoslynAnalysisRunner will not be running.
RoslynAnalysisRunner has terminated.
Mono: successfully reloaded assembly
- Completed reload, in  0.933 seconds
Platform modules already initialized, skipping
Refreshing native plugins compatible for Editor in 0.41 ms, found 0 plugins.
Preloading 0 native plugins for Editor in 0.00 ms.
Unloading 1121 Unused Serialized files (Serialized files now loaded: 0)
System memory in use before: 63.3 MB.
System memory in use after: 63.3 MB.

Unloading 5 unused Assets to reduce memory usage. Loaded Objects now: 1704.
Total: 11.471863 ms (FindLiveObjects: 0.464876 ms CreateObjectMapping: 0.154858 ms MarkObjects: 10.767908 ms  DeleteObjects: 0.081504 ms)

========================================================================
Received Import Request.
  Time since last request: 735.671036 seconds.
  path: Assets/Prefabs/PURapid.prefab
  artifactKey: Guid(8586912468d70974ca68920d669b79b3) Importer(815301076,1909f56bfc062723c751e8b465ee728b)
Start importing Assets/Prefabs/PURapid.prefab using Guid(8586912468d70974ca68920d669b79b3) Importer(815301076,1909f56bfc062723c751e8b465ee728b)  -> (artifact id: '40dc9816de756b8022e9c5ba961ed322') in 0.150532 seconds
  Import took 0.153173 seconds .

========================================================================
Received Import Request.
  Time since last request: 3.970798 seconds.
  path: Assets/Scripts/PURapid.cs
  artifactKey: Guid(92c09756cc7a0e744858c7fa8a0a7e65) Importer(815301076,1909f56bfc062723c751e8b465ee728b)
Start importing Assets/Scripts/PURapid.cs using Guid(92c09756cc7a0e744858c7fa8a0a7e65) Importer(815301076,1909f56bfc062723c751e8b465ee728b)  -> (artifact id: '78fb1b0e2d79cf3a2427e0e87566a5f8') in 0.005311 seconds
  Import took 0.008195 seconds .

========================================================================
Received Prepare
Registering precompiled user dll's ...
Registered in 0.000662 seconds.
Begin MonoManager ReloadAssembly
Native extension for WindowsStandalone target not found
Native extension for OSXStandalone target not found
Native extension for WebGL target not found
Refreshing native plugins compatible for Editor in 0.33 ms, found 0 plugins.
Preloading 0 native plugins for Editor in 0.00 ms.
Invoked RoslynAnalysisRunner static constructor.
RoslynAnalysisRunner will not be running.
RoslynAnalysisRunner has terminated.
Mono: successfully reloaded assembly
- Completed reload, in  0.997 seconds
Platform modules already initialized, skipping
Refreshing native plugins compatible for Editor in 0.53 ms, found 0 plugins.
Preloading 0 native plugins for Editor in 0.00 ms.
Unloading 1121 Unused Serialized files (Serialized files now loaded: 0)
System memory in use before: 63.3 MB.
System memory in use after: 63.4 MB.

Unloading 5 unused Assets to reduce memory usage. Loaded Objects now: 1708.
Total: 68.818497 ms (FindLiveObjects: 0.309716 ms CreateObjectMapping: 0.131312 ms MarkObjects: 68.289626 ms  DeleteObjects: 0.084523 ms)

========================================================================
Received Prepare
Registering precompiled user dll's ...
Registered in 0.000680 seconds.
Begin MonoManager ReloadAssembly
Native extension for WindowsStandalone target not found
Native extension for OSXStandalone target not found
Native extension for WebGL target not found
Refreshing native plugins compatible for Editor in 0.47 ms, found 0 plugins.
Preloading 0 native plugins for Editor in 0.00 ms.
Invoked RoslynAnalysisRunner static constructor.
RoslynAnalysisRunner will not be running.
RoslynAnalysisRunner has terminated.
Mono: successfully reloaded assembly
- Completed reload, in  0.984 seconds
Platform modules already initialized, skipping
Refreshing native plugins compatible for Editor in 0.51 ms, found 0 plugins.
Preloading 0 native plugins for Editor in 0.00 ms.
Unloading 1121 Unused Serialized files (Serialized files now loaded: 0)
System memory in use before: 63.3 MB.
System memory in use after: 63.4 MB.

Unloading 5 unused Assets to reduce memory usage. Loaded Objects now: 1711.
Total: 27.624480 ms (FindLiveObjects: 0.323602 ms CreateObjectMapping: 0.143085 ms MarkObjects: 27.075081 ms  DeleteObjects: 0.080599 ms)

========================================================================
Received Prepare
Registering precompiled user dll's ...
Registered in 0.000947 seconds.
Begin MonoManager ReloadAssembly
Native extension for WindowsStandalone target not found
Native extension for OSXStandalone target not found
Native extension for WebGL target not found
Refreshing native plugins compatible for Editor in 0.47 ms, found 0 plugins.
Preloading 0 native plugins for Editor in 0.00 ms.
Invoked RoslynAnalysisRunner static constructor.
RoslynAnalysisRunner will not be running.
RoslynAnalysisRunner has terminated.
Mono: successfully reloaded assembly
- Completed reload, in  1.029 seconds
Platform modules already initialized, skipping
Refreshing native plugins compatible for Editor in 0.32 ms, found 0 plugins.
Preloading 0 native plugins for Editor in 0.00 ms.
Unloading 1121 Unused Serialized files (Serialized files now loaded: 0)
System memory in use before: 63.3 MB.
System memory in use after: 63.4 MB.

Unloading 5 unused Assets to reduce memory usage. Loaded Objects now: 1714.
Total: 3.507698 ms (FindLiveObjects: 0.361033 ms CreateObjectMapping: 0.164820 ms MarkObjects: 2.887663 ms  DeleteObjects: 0.091466 ms)

========================================================================
Received Prepare
Registering precompiled user dll's ...
Registered in 0.001193 seconds.
Begin MonoManager ReloadAssembly
Native extension for WindowsStandalone target not found
Native extension for OSXStandalone target not found
Native extension for WebGL target not found
Refreshing native plugins compatible for Editor in 0.31 ms, found 0 plugins.
Preloading 0 native plugins for Editor in 0.00 ms.
Invoked RoslynAnalysisRunner static constructor.
RoslynAnalysisRunner will not be running.
RoslynAnalysisRunner has terminated.
Mono: successfully reloaded assembly
- Completed reload, in  0.850 seconds
Platform modules already initialized, skipping
Refreshing native plugins compatible for Editor in 0.50 ms, found 0 plugins.
Preloading 0 native plugins for Editor in 0.00 ms.
Unloading 1121 Unused Serialized files (Serialized files now loaded: 0)
System memory in use before: 63.3 MB.
System memory in use after: 63.4 MB.

Unloading 5 unused Assets to reduce memory usage. Loaded Objects now: 1717.
Total: 4.828065 ms (FindLiveObjects: 0.358015 ms CreateObjectMapping: 0.190780 ms MarkObjects: 4.184484 ms  DeleteObjects: 0.091768 ms)

========================================================================
Received Prepare
Registering precompiled user dll's ...
Registered in 0.001151 seconds.
Begin MonoManager ReloadAssembly
Native extension for WindowsStandalone target not found
Native extension for OSXStandalone target not found
Native extension for WebGL target not found
Refreshing native plugins compatible for Editor in 0.36 ms, found 0 plugins.
Preloading 0 native plugins for Editor in 0.00 ms.
Invoked RoslynAnalysisRunner static constructor.
RoslynAnalysisRunner will not be running.
RoslynAnalysisRunner has terminated.
Mono: successfully reloaded assembly
- Completed reload, in  1.208 seconds
Platform modules already initialized, skipping
Refreshing native plugins compatible for Editor in 0.61 ms, found 0 plugins.
Preloading 0 native plugins for Editor in 0.00 ms.
Unloading 1121 Unused Serialized files (Serialized files now loaded: 0)
System memory in use before: 63.3 MB.
System memory in use after: 63.4 MB.

Unloading 5 unused Assets to reduce memory usage. Loaded Objects now: 1720.
Total: 17.832810 ms (FindLiveObjects: 0.363146 ms CreateObjectMapping: 0.148519 ms MarkObjects: 17.234509 ms  DeleteObjects: 0.083919 ms)

========================================================================
Received Prepare
Registering precompiled user dll's ...
Registered in 0.000673 seconds.
Begin MonoManager ReloadAssembly
Native extension for WindowsStandalone target not found
Native extension for OSXStandalone target not found
Native extension for WebGL target not found
Refreshing native plugins compatible for Editor in 0.33 ms, found 0 plugins.
Preloading 0 native plugins for Editor in 0.00 ms.
Invoked RoslynAnalysisRunner static constructor.
RoslynAnalysisRunner will not be running.
RoslynAnalysisRunner has terminated.
Mono: successfully reloaded assembly
- Completed reload, in  1.020 seconds
Platform modules already initialized, skipping
Refreshing native plugins compatible for Editor in 0.51 ms, found 0 plugins.
Preloading 0 native plugins for Editor in 0.00 ms.
Unloading 1121 Unused Serialized files (Serialized files now loaded: 0)
System memory in use before: 63.3 MB.
System memory in use after: 63.4 MB.

Unloading 5 unused Assets to reduce memory usage. Loaded Objects now: 1723.
Total: 3.483549 ms (FindLiveObjects: 0.331752 ms CreateObjectMapping: 0.133727 ms MarkObjects: 2.935056 ms  DeleteObjects: 0.080599 ms)

========================================================================
Received Prepare
Registering precompiled user dll's ...
Registered in 0.001006 seconds.
Begin MonoManager ReloadAssembly
Native extension for WindowsStandalone target not found
Native extension for OSXStandalone target not found
Native extension for WebGL target not found
Refreshing native plugins compatible for Editor in 0.36 ms, found 0 plugins.
Preloading 0 native plugins for Editor in 0.00 ms.
Invoked RoslynAnalysisRunner static constructor.
RoslynAnalysisRunner will not be running.
RoslynAnalysisRunner has terminated.
Mono: successfully reloaded assembly
- Completed reload, in  1.002 seconds
Platform modules already initialized, skipping
Refreshing native plugins compatible for Editor in 0.59 ms, found 0 plugins.
Preloading 0 native plugins for Editor in 0.00 ms.
Unloading 1121 Unused Serialized files (Serialized files now loaded: 0)
System memory in use before: 63.3 MB.
System memory in use after: 63.4 MB.

Unloading 5 unused Assets to reduce memory usage. Loaded Objects now: 1726.
Total: 16.922378 ms (FindLiveObjects: 0.272586 ms CreateObjectMapping: 0.078485 ms MarkObjects: 16.495236 ms  DeleteObjects: 0.072750 ms)

========================================================================
Received Prepare
Registering precompiled user dll's ...
Registered in 0.000705 seconds.
Begin MonoManager ReloadAssembly
Native extension for WindowsStandalone target not found
Native extension for OSXStandalone target not found
Native extension for WebGL target not found
Refreshing native plugins compatible for Editor in 0.34 ms, found 0 plugins.
Preloading 0 native plugins for Editor in 0.00 ms.
Invoked RoslynAnalysisRunner static constructor.
RoslynAnalysisRunner will not be running.
RoslynAnalysisRunner has terminated.
Mono: successfully reloaded assembly
- Completed reload, in  1.075 seconds
Platform modules already initialized, skipping
Refreshing native plugins compatible for Editor in 0.51 ms, found 0 plugins.
Preloading 0 native plugins for Editor in 0.00 ms.
Unloading 1121 Unused Serialized files (Serialized files now loaded: 0)
System memory in use before: 63.3 MB.
System memory in use after: 63.4 MB.

Unloading 5 unused Assets to reduce memory usage. Loaded Objects now: 1729.
Total: 8.009747 ms (FindLiveObjects: 0.246324 ms CreateObjectMapping: 0.066411 ms MarkObjects: 7.632714 ms  DeleteObjects: 0.061581 ms)

========================================================================
Received Prepare
Registering precompiled user dll's ...
Registered in 0.000654 seconds.
Begin MonoManager ReloadAssembly
Native extension for WindowsStandalone target not found
Native extension for OSXStandalone target not found
Native extension for WebGL target not found
Refreshing native plugins compatible for Editor in 0.35 ms, found 0 plugins.
Preloading 0 native plugins for Editor in 0.00 ms.
Invoked RoslynAnalysisRunner static constructor.
RoslynAnalysisRunner will not be running.
RoslynAnalysisRunner has terminated.
Mono: successfully reloaded assembly
- Completed reload, in  1.010 seconds
Platform modules already initialized, skipping
Refreshing native plugins compatible for Editor in 0.50 ms, found 0 plugins.
Preloading 0 native plugins for Editor in 0.00 ms.
Unloading 1121 Unused Serialized files (Serialized files now loaded: 0)
System memory in use before: 63.3 MB.
System memory in use after: 63.4 MB.

Unloading 5 unused Assets to reduce memory usage. Loaded Objects now: 1732.
Total: 2.234422 ms (FindLiveObjects: 0.209798 ms CreateObjectMapping: 0.094484 ms MarkObjects: 1.867049 ms  DeleteObjects: 0.061279 ms)

========================================================================
Received Prepare
Registering precompiled user dll's ...
Registered in 0.000663 seconds.
Begin MonoManager ReloadAssembly
Native extension for WindowsStandalone target not found
Native extension for OSXStandalone target not found
Native extension for WebGL target not found
Refreshing native plugins compatible for Editor in 0.49 ms, found 0 plugins.
Preloading 0 native plugins for Editor in 0.00 ms.
Invoked RoslynAnalysisRunner static constructor.
RoslynAnalysisRunner will not be running.
RoslynAnalysisRunner has terminated.
Mono: successfully reloaded assembly
- Completed reload, in  1.014 seconds
Platform modules already initialized, skipping
Refreshing native plugins compatible for Editor in 0.50 ms, found 0 plugins.
Preloading 0 native plugins for Editor in 0.00 ms.
Unloading 1121 Unused Serialized files (Serialized files now loaded: 0)
System memory in use before: 63.3 MB.
System memory in use after: 63.4 MB.

Unloading 5 unused Assets to reduce memory usage. Loaded Objects now: 1735.
Total: 6.810428 ms (FindLiveObjects: 0.343223 ms CreateObjectMapping: 0.145500 ms MarkObjects: 6.229937 ms  DeleteObjects: 0.088447 ms)

========================================================================
Received Prepare
Registering precompiled user dll's ...
Registered in 0.000704 seconds.
Begin MonoManager ReloadAssembly
Native extension for WindowsStandalone target not found
Native extension for OSXStandalone target not found
Native extension for WebGL target not found
Refreshing native plugins compatible for Editor in 0.34 ms, found 0 plugins.
Preloading 0 native plugins for Editor in 0.00 ms.
Invoked RoslynAnalysisRunner static constructor.
RoslynAnalysisRunner will not be running.
RoslynAnalysisRunner has terminated.
Mono: successfully reloaded assembly
- Completed reload, in  1.053 seconds
Platform modules already initialized, skipping
Refreshing native plugins compatible for Editor in 0.51 ms, found 0 plugins.
Preloading 0 native plugins for Editor in 0.00 ms.
Unloading 1121 Unused Serialized files (Serialized files now loaded: 0)
System memory in use before: 63.3 MB.
System memory in use after: 63.4 MB.

Unloading 5 unused Assets to reduce memory usage. Loaded Objects now: 1738.
Total: 13.534824 ms (FindLiveObjects: 0.333865 ms CreateObjectMapping: 0.147311 ms MarkObjects: 12.937428 ms  DeleteObjects: 0.113804 ms)

========================================================================
Received Prepare
Registering precompiled user dll's ...
Registered in 0.000755 seconds.
Begin MonoManager ReloadAssembly
Native extension for WindowsStandalone target not found
Native extension for OSXStandalone target not found
Native extension for WebGL target not found
Refreshing native plugins compatible for Editor in 0.47 ms, found 0 plugins.
Preloading 0 native plugins for Editor in 0.00 ms.
Invoked RoslynAnalysisRunner static constructor.
RoslynAnalysisRunner will not be running.
RoslynAnalysisRunner has terminated.
Mono: successfully reloaded assembly
- Completed reload, in  1.152 seconds
Platform modules already initialized, skipping
Refreshing native plugins compatible for Editor in 0.35 ms, found 0 plugins.
Preloading 0 native plugins for Editor in 0.00 ms.
Unloading 1121 Unused Serialized files (Serialized files now loaded: 0)
System memory in use before: 63.3 MB.
System memory in use after: 63.4 MB.

Unloading 5 unused Assets to reduce memory usage. Loaded Objects now: 1741.
Total: 37.391698 ms (FindLiveObjects: 0.248437 ms CreateObjectMapping: 0.062487 ms MarkObjects: 36.999572 ms  DeleteObjects: 0.079391 ms)

========================================================================
Received Import Request.
  Time since last request: 8281.701200 seconds.
  path: Assets/Materials/Yellow.mat
  artifactKey: Guid(2ead665a6a4124645a9257aeb7443608) Importer(815301076,1909f56bfc062723c751e8b465ee728b)
Start importing Assets/Materials/Yellow.mat using Guid(2ead665a6a4124645a9257aeb7443608) Importer(815301076,1909f56bfc062723c751e8b465ee728b)  -> (artifact id: 'bbfbab7da4ad5c23d8f1bb46b80adb41') in 0.929727 seconds
  Import took 0.933118 seconds .

========================================================================
Received Import Request.
  Time since last request: 1.342804 seconds.
  path: Assets/Prefabs/Player.prefab
  artifactKey: Guid(c974fc0cd78ea404694ad55dd1fe0ae7) Importer(815301076,1909f56bfc062723c751e8b465ee728b)
Start importing Assets/Prefabs/Player.prefab using Guid(c974fc0cd78ea404694ad55dd1fe0ae7) Importer(815301076,1909f56bfc062723c751e8b465ee728b)  -> (artifact id: '457b7d4e476c28d6a99a334cf5070f28') in 0.826131 seconds
  Import took 0.828697 seconds .

========================================================================
Received Import Request.
  Time since last request: 0.148057 seconds.
  path: Assets/Course Library/_Source_Files/Materials/SimpleIcons.mat
  artifactKey: Guid(9c0880e4cd8a8704e82b6940624b569a) Importer(815301076,1909f56bfc062723c751e8b465ee728b)
Start importing Assets/Course Library/_Source_Files/Materials/SimpleIcons.mat using Guid(9c0880e4cd8a8704e82b6940624b569a) Importer(815301076,1909f56bfc062723c751e8b465ee728b)  -> (artifact id: '227ea8b08d412896b790a932f0cc190e') in 0.077425 seconds
  Import took 0.079826 seconds .

========================================================================
Received Import Request.
  Time since last request: 1.991843 seconds.
  path: Assets/Materials/Green.mat
  artifactKey: Guid(7a3ca5dc5ddd2b846af435fa275ebd34) Importer(815301076,1909f56bfc062723c751e8b465ee728b)
Start importing Assets/Materials/Green.mat using Guid(7a3ca5dc5ddd2b846af435fa275ebd34) Importer(815301076,1909f56bfc062723c751e8b465ee728b)  -> (artifact id: '93ba369048e7ec5d54e0168bbb355b3d') in 0.028345 seconds
  Import took 0.046037 seconds .

========================================================================
Received Import Request.
  Time since last request: 0.182254 seconds.
  path: Assets/Scripts/PowerUp.cs
  artifactKey: Guid(9d4b73aac6c2fe84c9b885e8c03ae982) Importer(815301076,1909f56bfc062723c751e8b465ee728b)
Start importing Assets/Scripts/PowerUp.cs using Guid(9d4b73aac6c2fe84c9b885e8c03ae982) Importer(815301076,1909f56bfc062723c751e8b465ee728b)  -> (artifact id: 'f6f229b5f505b6b5fc4c205535a4e9d8') in 0.004067 seconds
  Import took 0.008826 seconds .

========================================================================
Received Import Request.
  Time since last request: 0.820594 seconds.
  path: Assets/Scenes/ZepSky.unity
  artifactKey: Guid(9fc0d4010bbf28b4594072e72b8655ab) Importer(815301076,1909f56bfc062723c751e8b465ee728b)
Start importing Assets/Scenes/ZepSky.unity using Guid(9fc0d4010bbf28b4594072e72b8655ab) Importer(815301076,1909f56bfc062723c751e8b465ee728b)  -> (artifact id: 'eb96b63e840223463c238c34f3d52308') in 0.005377 seconds
  Import took 0.007630 seconds .

========================================================================
Received Import Request.
  Time since last request: 0.060612 seconds.
  path: Assets/TextMesh Pro/Resources/Fonts & Materials/LiberationSans SDF - Fallback.asset
  artifactKey: Guid(2e498d1c8094910479dc3e1b768306a4) Importer(815301076,1909f56bfc062723c751e8b465ee728b)
Start importing Assets/TextMesh Pro/Resources/Fonts & Materials/LiberationSans SDF - Fallback.asset using Guid(2e498d1c8094910479dc3e1b768306a4) Importer(815301076,1909f56bfc062723c751e8b465ee728b)  -> (artifact id: '0051715f8abd959e4ff096cc293cd7d1') in 0.353368 seconds
  Import took 0.373487 seconds .

========================================================================
Received Import Request.
  Time since last request: 1.947209 seconds.
  path: Assets/Materials/Jet Shield.mat
  artifactKey: Guid(515812219af1629409e61de653d0fb51) Importer(815301076,1909f56bfc062723c751e8b465ee728b)
Start importing Assets/Materials/Jet Shield.mat using Guid(515812219af1629409e61de653d0fb51) Importer(815301076,1909f56bfc062723c751e8b465ee728b)  -> (artifact id: '2411df8e65d513b6f65bf57a28a8250c') in 0.064898 seconds
  Import took 0.067172 seconds .

========================================================================
Received Import Request.
  Time since last request: 1.066817 seconds.
  path: Assets/Scripts/SpawnManagerZ.cs
  artifactKey: Guid(e13cd83bb05060543b0081290c2a8b9f) Importer(815301076,1909f56bfc062723c751e8b465ee728b)
Start importing Assets/Scripts/SpawnManagerZ.cs using Guid(e13cd83bb05060543b0081290c2a8b9f) Importer(815301076,1909f56bfc062723c751e8b465ee728b)  -> (artifact id: '3c3a2b6b73edd84ab5d901f020e61a24') in 0.004816 seconds
  Import took 0.007187 seconds .

========================================================================
Received Import Request.
  Time since last request: 0.716245 seconds.
  path: Assets/Materials/Red.mat
  artifactKey: Guid(0d28cfad58d734a4aaa912a108a28811) Importer(815301076,1909f56bfc062723c751e8b465ee728b)
Start importing Assets/Materials/Red.mat using Guid(0d28cfad58d734a4aaa912a108a28811) Importer(815301076,1909f56bfc062723c751e8b465ee728b)  -> (artifact id: 'a096a289e83e82e8e3adfb1f84423a0a') in 0.031903 seconds
  Import took 0.034218 seconds .

========================================================================
Received Import Request.
  Time since last request: 1.716564 seconds.
  path: Assets/Scripts/PlayerController.cs
  artifactKey: Guid(ee6cf477b5477364585c3d7a66e4c95d) Importer(815301076,1909f56bfc062723c751e8b465ee728b)
Start importing Assets/Scripts/PlayerController.cs using Guid(ee6cf477b5477364585c3d7a66e4c95d) Importer(815301076,1909f56bfc062723c751e8b465ee728b)  -> (artifact id: 'b8d230974651058390af53df48b3c738') in 0.004227 seconds
  Import took 0.006502 seconds .

========================================================================
Received Import Request.
  Time since last request: 0.886145 seconds.
  path: Assets/Scripts/DifficultyButtonZ.cs
  artifactKey: Guid(4c926f569c54d164c8196924a6b7de93) Importer(815301076,1909f56bfc062723c751e8b465ee728b)
Start importing Assets/Scripts/DifficultyButtonZ.cs using Guid(4c926f569c54d164c8196924a6b7de93) Importer(815301076,1909f56bfc062723c751e8b465ee728b)  -> (artifact id: '28e54d414af5aa26b0d78fcf19598728') in 0.004312 seconds
  Import took 0.022108 seconds .

